<?xml version="1.0" encoding="UTF-8"?>
<!-- Generated by org.testng.reporters.JUnitXMLReporter -->
<testsuite ignored="0" hostname="DESKTOP-CTTRDC3" failures="0" tests="4" name="Google Test" time="4.579" errors="0" timestamp="2022-11-06T22:36:06 GMT">
  <testcase classname="MyTests.Class21.GoogleTest" name="cookiesPrompt" time="2.019"/>
  <testcase classname="MyTests.Class21.GoogleTest" name="googleSearchBtnTest" time="0.03"/>
  <testcase classname="MyTests.Class21.GoogleTest" name="searchTest" time="0.024"/>
  <testcase classname="MyTests.Class21.GoogleTest" name="urlTest" time="0.006"/>
</testsuite> <!-- Google Test -->
